+ bsub -b -I -q q_cpc -n 6 -cgsp 64 -host_stack 1024 -share_size 15000 ./matrix_solve
Job <3889777> has been submitted to queue <q_cpc>
waiting for dispatch ...
[2022- 7-29] [21:57:11] [INFO] Number of Process    :  6

[2022- 7-29] [21:57:11] [INFO] <<================ Matrix index  :  0 ================>>
[2022- 7-29] [21:57:11] [INFO] Mesh num             :  60000
[2022- 7-29] [21:57:11] [INFO] Mesh >> decompose mesh!
[2022- 7-29] [21:57:11] [INFO] Decompse num         :  6
[2022- 7-29] [21:57:11] [INFO] Row num              :  10000
[2022- 7-29] [21:57:11] [INFO] Uppper non-zero num  :  10000
[2022- 7-29] [21:57:11] [INFO] Init >> init vector!
[2022- 7-29] [21:57:11] [INFO] Matrix >> matrix tranform!
[2022- 7-29] [21:57:11] [INFO] Iteration >> Main Iterations start!
[2022- 7-29] [21:57:11] [INFO] Iteration >> [0/200]
[2022- 7-29] [21:57:11] [INFO] Iteration >> [99/200] done!
[2022- 7-29] [21:57:11] [INFO] Iteration >> [100/200]
[2022- 7-29] [21:57:11] [INFO] Iteration >> [199/200] done!
[2022- 7-29] [21:57:11] [INFO] Write result!
[2022- 7-29] [21:57:11] [INFO] Check >> check result!
[2022- 7-29] [21:57:12] [INFO] Check >> check result correct!
[2022- 7-29] [21:57:12] [INFO] Time: spmv time cost: 0.0288s

[2022- 7-29] [21:57:12] [INFO] <<================ Matrix index  :  1 ================>>
[2022- 7-29] [21:57:12] [INFO] Mesh num             :  60000
[2022- 7-29] [21:57:12] [INFO] Mesh >> decompose mesh!
[2022- 7-29] [21:57:12] [INFO] Decompse num         :  6
[2022- 7-29] [21:57:12] [INFO] Row num              :  10000
[2022- 7-29] [21:57:12] [INFO] Uppper non-zero num  :  30000
[2022- 7-29] [21:57:12] [INFO] Init >> init vector!
[2022- 7-29] [21:57:12] [INFO] Matrix >> matrix tranform!
[2022- 7-29] [21:57:12] [INFO] Iteration >> Main Iterations start!
[2022- 7-29] [21:57:12] [INFO] Iteration >> [0/200]
[2022- 7-29] [21:57:12] [INFO] Iteration >> [99/200] done!
[2022- 7-29] [21:57:12] [INFO] Iteration >> [100/200]
[2022- 7-29] [21:57:12] [INFO] Iteration >> [199/200] done!
[2022- 7-29] [21:57:12] [INFO] Write result!
[2022- 7-29] [21:57:12] [INFO] Check >> check result!
[2022- 7-29] [21:57:12] [INFO] Check >> check result correct!
[2022- 7-29] [21:57:12] [INFO] Time: spmv time cost: 0.0638s

[2022- 7-29] [21:57:12] [INFO] <<================ Matrix index  :  2 ================>>
[2022- 7-29] [21:57:12] [INFO] Mesh num             :  6000
[2022- 7-29] [21:57:12] [INFO] Mesh >> decompose mesh!
[2022- 7-29] [21:57:12] [INFO] Decompse num         :  0
[2022- 7-29] [21:57:13] [INFO] Row num              :  10000
[2022- 7-29] [21:57:13] [INFO] Uppper non-zero num  :  60000
[2022- 7-29] [21:57:13] [INFO] Init >> init vector!
[2022- 7-29] [21:57:13] [INFO] Matrix >> matrix tranform!
[2022- 7-29] [21:57:13] [INFO] Iteration >> Main Iterations start!
[2022- 7-29] [21:57:13] [INFO] Iteration >> [0/200]
[2022- 7-29] [21:57:13] [INFO] Iteration >> [99/200] done!
[2022- 7-29] [21:57:13] [INFO] Iteration >> [100/200]
[2022- 7-29] [21:57:14] [INFO] Iteration >> [199/200] done!
[2022- 7-29] [21:57:14] [INFO] Write result!
[2022- 7-29] [21:57:14] [INFO] Check >> check result!
[2022- 7-29] [21:57:14] [INFO] Check >> check result correct!
[2022- 7-29] [21:57:14] [INFO] Time: spmv time cost: 0.1104s

[2022- 7-29] [21:57:14] [INFO] <<================ Matrix index  :  3 ================>>
[2022- 7-29] [21:57:14] [INFO] Mesh num             :  300000
[2022- 7-29] [21:57:14] [INFO] Mesh >> decompose mesh!
[2022- 7-29] [21:57:14] [INFO] Decompse num         :  6
[2022- 7-29] [21:57:14] [INFO] Row num              :  50000
[2022- 7-29] [21:57:14] [INFO] Uppper non-zero num  :  50000
[2022- 7-29] [21:57:14] [INFO] Init >> init vector!
[2022- 7-29] [21:57:14] [INFO] Matrix >> matrix tranform!
[2022- 7-29] [21:57:15] [INFO] Iteration >> Main Iterations start!
[2022- 7-29] [21:57:15] [INFO] Iteration >> [0/200]
[2022- 7-29] [21:57:16] [INFO] Iteration >> [99/200] done!
[2022- 7-29] [21:57:16] [INFO] Iteration >> [100/200]
[2022- 7-29] [21:57:16] [INFO] Iteration >> [199/200] done!
[2022- 7-29] [21:57:16] [INFO] Write result!
[2022- 7-29] [21:57:16] [INFO] Check >> check result!
[2022- 7-29] [21:57:16] [INFO] Check >> check result correct!
[2022- 7-29] [21:57:16] [INFO] Time: spmv time cost: 0.1490s

[2022- 7-29] [21:57:16] [INFO] <<================ Matrix index  :  4 ================>>
[2022- 7-29] [21:57:16] [INFO] Mesh num             :  300000
[2022- 7-29] [21:57:16] [INFO] Mesh >> decompose mesh!
[2022- 7-29] [21:57:16] [INFO] Decompse num         :  6
[2022- 7-29] [21:57:18] [INFO] Row num              :  50000
[2022- 7-29] [21:57:18] [INFO] Uppper non-zero num  :  150000
[2022- 7-29] [21:57:18] [INFO] Init >> init vector!
[2022- 7-29] [21:57:18] [INFO] Matrix >> matrix tranform!
[2022- 7-29] [21:57:19] [INFO] Iteration >> Main Iterations start!
[2022- 7-29] [21:57:19] [INFO] Iteration >> [0/200]
[2022- 7-29] [21:57:20] [INFO] Iteration >> [99/200] done!
[2022- 7-29] [21:57:20] [INFO] Iteration >> [100/200]
[2022- 7-29] [21:57:21] [INFO] Iteration >> [199/200] done!
[2022- 7-29] [21:57:21] [INFO] Write result!
[2022- 7-29] [21:57:21] [INFO] Check >> check result!
[2022- 7-29] [21:57:21] [INFO] Check >> check result correct!
[2022- 7-29] [21:57:21] [INFO] Time: spmv time cost: 0.4091s

[2022- 7-29] [21:57:21] [INFO] <<================ Matrix index  :  5 ================>>
[2022- 7-29] [21:57:21] [INFO] Mesh num             :  300000
[2022- 7-29] [21:57:21] [INFO] Mesh >> decompose mesh!
[2022- 7-29] [21:57:21] [INFO] Decompse num         :  6
[2022- 7-29] [21:57:25] [INFO] Row num              :  50000
[2022- 7-29] [21:57:25] [INFO] Uppper non-zero num  :  300000
[2022- 7-29] [21:57:25] [INFO] Init >> init vector!
[2022- 7-29] [21:57:25] [INFO] Matrix >> matrix tranform!
[2022- 7-29] [21:57:27] [INFO] Iteration >> Main Iterations start!
[2022- 7-29] [21:57:27] [INFO] Iteration >> [0/200]
[2022- 7-29] [21:57:28] [INFO] Iteration >> [99/200] done!
[2022- 7-29] [21:57:28] [INFO] Iteration >> [100/200]
[2022- 7-29] [21:57:29] [INFO] Iteration >> [199/200] done!
[2022- 7-29] [21:57:29] [INFO] Write result!
[2022- 7-29] [21:57:29] [INFO] Check >> check result!
[2022- 7-29] [21:57:29] [INFO] Check >> check result correct!
[2022- 7-29] [21:57:29] [INFO] Time: spmv time cost: 0.7846s

[2022- 7-29] [21:57:29] [INFO] <<================ Matrix index  :  6 ================>>
[2022- 7-29] [21:57:29] [INFO] Mesh num             :  1200000
[2022- 7-29] [21:57:29] [INFO] Mesh >> decompose mesh!
[2022- 7-29] [21:57:29] [INFO] Decompse num         :  6
[2022- 7-29] [21:57:36] [INFO] Row num              :  200000
[2022- 7-29] [21:57:36] [INFO] Uppper non-zero num  :  200000
[2022- 7-29] [21:57:36] [INFO] Init >> init vector!
[2022- 7-29] [21:57:36] [INFO] Matrix >> matrix tranform!
[2022- 7-29] [21:57:39] [INFO] Iteration >> Main Iterations start!
[2022- 7-29] [21:57:39] [INFO] Iteration >> [0/200]
[2022- 7-29] [21:57:42] [INFO] Iteration >> [99/200] done!
[2022- 7-29] [21:57:42] [INFO] Iteration >> [100/200]
[2022- 7-29] [21:57:46] [INFO] Iteration >> [199/200] done!
[2022- 7-29] [21:57:46] [INFO] Write result!
[2022- 7-29] [21:57:46] [INFO] Check >> check result!
[2022- 7-29] [21:57:46] [INFO] Check >> check result correct!
[2022- 7-29] [21:57:46] [INFO] Time: spmv time cost: 2.9550s

[2022- 7-29] [21:57:46] [INFO] <<================ Matrix index  :  7 ================>>
[2022- 7-29] [21:57:46] [INFO] Mesh num             :  1200000
[2022- 7-29] [21:57:46] [INFO] Mesh >> decompose mesh!
[2022- 7-29] [21:57:46] [INFO] Decompse num         :  6
[2022- 7-29] [21:57:58] [INFO] Row num              :  200000
[2022- 7-29] [21:57:58] [INFO] Uppper non-zero num  :  600000
[2022- 7-29] [21:57:58] [INFO] Init >> init vector!
[2022- 7-29] [21:57:58] [INFO] Matrix >> matrix tranform!
[2022- 7-29] [21:58: 4] [INFO] Iteration >> Main Iterations start!
[2022- 7-29] [21:58: 4] [INFO] Iteration >> [0/200]
[2022- 7-29] [21:58:11] [INFO] Iteration >> [99/200] done!
[2022- 7-29] [21:58:11] [INFO] Iteration >> [100/200]
[2022- 7-29] [21:58:18] [INFO] Iteration >> [199/200] done!
[2022- 7-29] [21:58:18] [INFO] Write result!
[2022- 7-29] [21:58:18] [INFO] Check >> check result!
[2022- 7-29] [21:58:18] [INFO] Check >> check result correct!
[2022- 7-29] [21:58:18] [INFO] Time: spmv time cost: 8.5656s

[2022- 7-29] [21:58:18] [INFO] <<================ Matrix index  :  8 ================>>
[2022- 7-29] [21:58:18] [INFO] Mesh num             :  1200000
[2022- 7-29] [21:58:18] [INFO] Mesh >> decompose mesh!
[2022- 7-29] [21:58:18] [INFO] Decompse num         :  6
[2022- 7-29] [21:59: 8] [INFO] Row num              :  200000
[2022- 7-29] [21:59: 8] [INFO] Uppper non-zero num  :  1200000
[2022- 7-29] [21:59: 8] [INFO] Init >> init vector!
[2022- 7-29] [21:59: 8] [INFO] Matrix >> matrix tranform!
[2022- 7-29] [21:59:19] [INFO] Iteration >> Main Iterations start!
[2022- 7-29] [21:59:19] [INFO] Iteration >> [0/200]
[2022- 7-29] [21:59:30] [INFO] Iteration >> [99/200] done!
[2022- 7-29] [21:59:30] [INFO] Iteration >> [100/200]
[2022- 7-29] [21:59:41] [INFO] Iteration >> [199/200] done!
[2022- 7-29] [21:59:41] [INFO] Write result!
[2022- 7-29] [21:59:41] [INFO] Check >> check result!
[2022- 7-29] [21:59:41] [INFO] Check >> check result correct!
[2022- 7-29] [21:59:41] [INFO] Time: spmv time cost: 16.9250s

[2022- 7-29] [21:59:41] [INFO] Time: matrix 0 spmv time cost: 0.0288s
[2022- 7-29] [21:59:41] [INFO] Time: matrix 1 spmv time cost: 0.0638s
[2022- 7-29] [21:59:41] [INFO] Time: matrix 2 spmv time cost: 0.1104s
[2022- 7-29] [21:59:41] [INFO] Time: matrix 3 spmv time cost: 0.1490s
[2022- 7-29] [21:59:41] [INFO] Time: matrix 4 spmv time cost: 0.4091s
[2022- 7-29] [21:59:41] [INFO] Time: matrix 5 spmv time cost: 0.7846s
[2022- 7-29] [21:59:41] [INFO] Time: matrix 6 spmv time cost: 2.9550s
[2022- 7-29] [21:59:41] [INFO] Time: matrix 7 spmv time cost: 8.5656s
[2022- 7-29] [21:59:41] [INFO] Time: matrix 8 spmv time cost: 16.9250s
[2022- 7-29] [21:59:41] [INFO] Time: total spmv time cost: 29.9914s
[2022- 7-29] [21:59:41] [INFO] Time: total time cost: 149.5003s
dispatching ...
Job 3889777 has been finished.
