+ bsub -b -I -q q_cpc -n 6 -np 1 -cgsp 64 -host_stack 1024 -share_size 15000 ./matrix_solve
Job <3883457> has been submitted to queue <q_cpc>
waiting for dispatch ...
[2022- 7-29] [11:10:39] [INFO] Number of Process    :  6

[2022- 7-29] [11:10:39] [INFO] <<================ Matrix index  :  0 ================>>
[2022- 7-29] [11:10:39] [INFO] Mesh num             :  60000
[2022- 7-29] [11:10:39] [INFO] Mesh >> decompose mesh!
[2022- 7-29] [11:10:39] [INFO] Decompse num         :  6
[2022- 7-29] [11:10:39] [INFO] Row num              :  10000
[2022- 7-29] [11:10:39] [INFO] Uppper non-zero num  :  10000
[2022- 7-29] [11:10:39] [INFO] Init >> init vector!
[2022- 7-29] [11:10:39] [INFO] Matrix >> matrix tranform!
[2022- 7-29] [11:10:39] [INFO] Iteration >> Main Iterations start!
[2022- 7-29] [11:10:39] [INFO] Iteration >> [0/200]
[2022- 7-29] [11:10:39] [INFO] Iteration >> [99/200] done!
[2022- 7-29] [11:10:39] [INFO] Iteration >> [100/200]
[2022- 7-29] [11:10:40] [INFO] Iteration >> [199/200] done!
[2022- 7-29] [11:10:40] [INFO] Write result!
[2022- 7-29] [11:10:40] [INFO] Check >> check result!
[2022- 7-29] [11:10:40] [INFO] Check >> check result correct!
[2022- 7-29] [11:10:40] [INFO] Time: spmv time cost: 0.2698s

[2022- 7-29] [11:10:40] [INFO] <<================ Matrix index  :  1 ================>>
[2022- 7-29] [11:10:40] [INFO] Mesh num             :  60000
[2022- 7-29] [11:10:40] [INFO] Mesh >> decompose mesh!
[2022- 7-29] [11:10:40] [INFO] Decompse num         :  6
[2022- 7-29] [11:10:40] [INFO] Row num              :  10000
[2022- 7-29] [11:10:40] [INFO] Uppper non-zero num  :  30000
[2022- 7-29] [11:10:40] [INFO] Init >> init vector!
[2022- 7-29] [11:10:40] [INFO] Matrix >> matrix tranform!
[2022- 7-29] [11:10:40] [INFO] Iteration >> Main Iterations start!
[2022- 7-29] [11:10:40] [INFO] Iteration >> [0/200]
[2022- 7-29] [11:10:41] [INFO] Iteration >> [99/200] done!
[2022- 7-29] [11:10:41] [INFO] Iteration >> [100/200]
[2022- 7-29] [11:10:41] [INFO] Iteration >> [199/200] done!
[2022- 7-29] [11:10:41] [INFO] Write result!
[2022- 7-29] [11:10:41] [INFO] Check >> check result!
[2022- 7-29] [11:10:41] [INFO] Check >> check result correct!
[2022- 7-29] [11:10:41] [INFO] Time: spmv time cost: 0.5885s

[2022- 7-29] [11:10:41] [INFO] <<================ Matrix index  :  2 ================>>
[2022- 7-29] [11:10:41] [INFO] Mesh num             :  6000
[2022- 7-29] [11:10:41] [INFO] Mesh >> decompose mesh!
[2022- 7-29] [11:10:41] [INFO] Decompse num         :  0
[2022- 7-29] [11:10:42] [INFO] Row num              :  10000
[2022- 7-29] [11:10:42] [INFO] Uppper non-zero num  :  60000
[2022- 7-29] [11:10:42] [INFO] Init >> init vector!
[2022- 7-29] [11:10:42] [INFO] Matrix >> matrix tranform!
[2022- 7-29] [11:10:42] [INFO] Iteration >> Main Iterations start!
[2022- 7-29] [11:10:42] [INFO] Iteration >> [0/200]
[2022- 7-29] [11:10:43] [INFO] Iteration >> [99/200] done!
[2022- 7-29] [11:10:43] [INFO] Iteration >> [100/200]
[2022- 7-29] [11:10:43] [INFO] Iteration >> [199/200] done!
[2022- 7-29] [11:10:43] [INFO] Write result!
[2022- 7-29] [11:10:43] [INFO] Check >> check result!
[2022- 7-29] [11:10:43] [INFO] Check >> check result correct!
[2022- 7-29] [11:10:43] [INFO] Time: spmv time cost: 1.0652s

[2022- 7-29] [11:10:43] [INFO] <<================ Matrix index  :  3 ================>>
[2022- 7-29] [11:10:43] [INFO] Mesh num             :  300000
[2022- 7-29] [11:10:43] [INFO] Mesh >> decompose mesh!
[2022- 7-29] [11:10:43] [INFO] Decompse num         :  6
[2022- 7-29] [11:10:44] [INFO] Row num              :  50000
[2022- 7-29] [11:10:44] [INFO] Uppper non-zero num  :  50000
[2022- 7-29] [11:10:44] [INFO] Init >> init vector!
[2022- 7-29] [11:10:44] [INFO] Matrix >> matrix tranform!
[2022- 7-29] [11:10:45] [INFO] Iteration >> Main Iterations start!
[2022- 7-29] [11:10:45] [INFO] Iteration >> [0/200]
[2022- 7-29] [11:10:46] [INFO] Iteration >> [99/200] done!
[2022- 7-29] [11:10:46] [INFO] Iteration >> [100/200]
[2022- 7-29] [11:10:48] [INFO] Iteration >> [199/200] done!
[2022- 7-29] [11:10:48] [INFO] Write result!
[2022- 7-29] [11:10:48] [INFO] Check >> check result!
[2022- 7-29] [11:10:48] [INFO] Check >> check result correct!
[2022- 7-29] [11:10:48] [INFO] Time: spmv time cost: 1.9066s

[2022- 7-29] [11:10:48] [INFO] <<================ Matrix index  :  4 ================>>
[2022- 7-29] [11:10:48] [INFO] Mesh num             :  300000
[2022- 7-29] [11:10:48] [INFO] Mesh >> decompose mesh!
[2022- 7-29] [11:10:48] [INFO] Decompse num         :  6
[2022- 7-29] [11:10:49] [INFO] Row num              :  50000
[2022- 7-29] [11:10:49] [INFO] Uppper non-zero num  :  150000
[2022- 7-29] [11:10:49] [INFO] Init >> init vector!
[2022- 7-29] [11:10:49] [INFO] Matrix >> matrix tranform!
[2022- 7-29] [11:10:51] [INFO] Iteration >> Main Iterations start!
[2022- 7-29] [11:10:51] [INFO] Iteration >> [0/200]
[2022- 7-29] [11:10:54] [INFO] Iteration >> [99/200] done!
[2022- 7-29] [11:10:54] [INFO] Iteration >> [100/200]
[2022- 7-29] [11:10:56] [INFO] Iteration >> [199/200] done!
[2022- 7-29] [11:10:56] [INFO] Write result!
[2022- 7-29] [11:10:56] [INFO] Check >> check result!
[2022- 7-29] [11:10:56] [INFO] Check >> check result correct!
[2022- 7-29] [11:10:56] [INFO] Time: spmv time cost: 4.2713s

[2022- 7-29] [11:10:56] [INFO] <<================ Matrix index  :  5 ================>>
[2022- 7-29] [11:10:56] [INFO] Mesh num             :  300000
[2022- 7-29] [11:10:56] [INFO] Mesh >> decompose mesh!
[2022- 7-29] [11:10:56] [INFO] Decompse num         :  6
[2022- 7-29] [11:11: 0] [INFO] Row num              :  50000
[2022- 7-29] [11:11: 0] [INFO] Uppper non-zero num  :  300000
[2022- 7-29] [11:11: 0] [INFO] Init >> init vector!
[2022- 7-29] [11:11: 0] [INFO] Matrix >> matrix tranform!
[2022- 7-29] [11:11: 2] [INFO] Iteration >> Main Iterations start!
[2022- 7-29] [11:11: 2] [INFO] Iteration >> [0/200]
[2022- 7-29] [11:11: 7] [INFO] Iteration >> [99/200] done!
[2022- 7-29] [11:11: 7] [INFO] Iteration >> [100/200]
[2022- 7-29] [11:11:11] [INFO] Iteration >> [199/200] done!
[2022- 7-29] [11:11:11] [INFO] Write result!
[2022- 7-29] [11:11:11] [INFO] Check >> check result!
[2022- 7-29] [11:11:11] [INFO] Check >> check result correct!
[2022- 7-29] [11:11:11] [INFO] Time: spmv time cost: 7.8368s

[2022- 7-29] [11:11:11] [INFO] <<================ Matrix index  :  6 ================>>
[2022- 7-29] [11:11:11] [INFO] Mesh num             :  1200000
[2022- 7-29] [11:11:11] [INFO] Mesh >> decompose mesh!
[2022- 7-29] [11:11:11] [INFO] Decompse num         :  6
[2022- 7-29] [11:11:18] [INFO] Row num              :  200000
[2022- 7-29] [11:11:18] [INFO] Uppper non-zero num  :  200000
[2022- 7-29] [11:11:18] [INFO] Init >> init vector!
[2022- 7-29] [11:11:18] [INFO] Matrix >> matrix tranform!
[2022- 7-29] [11:11:21] [INFO] Iteration >> Main Iterations start!
[2022- 7-29] [11:11:21] [INFO] Iteration >> [0/200]
[2022- 7-29] [11:11:28] [INFO] Iteration >> [99/200] done!
[2022- 7-29] [11:11:28] [INFO] Iteration >> [100/200]
[2022- 7-29] [11:11:35] [INFO] Iteration >> [199/200] done!
[2022- 7-29] [11:11:35] [INFO] Write result!
[2022- 7-29] [11:11:35] [INFO] Check >> check result!
[2022- 7-29] [11:11:35] [INFO] Check >> check result correct!
[2022- 7-29] [11:11:35] [INFO] Time: spmv time cost: 9.4926s

[2022- 7-29] [11:11:35] [INFO] <<================ Matrix index  :  7 ================>>
[2022- 7-29] [11:11:35] [INFO] Mesh num             :  1200000
[2022- 7-29] [11:11:35] [INFO] Mesh >> decompose mesh!
[2022- 7-29] [11:11:35] [INFO] Decompse num         :  6
[2022- 7-29] [11:11:47] [INFO] Row num              :  200000
[2022- 7-29] [11:11:47] [INFO] Uppper non-zero num  :  600000
[2022- 7-29] [11:11:47] [INFO] Init >> init vector!
[2022- 7-29] [11:11:47] [INFO] Matrix >> matrix tranform!
[2022- 7-29] [11:11:53] [INFO] Iteration >> Main Iterations start!
[2022- 7-29] [11:11:53] [INFO] Iteration >> [0/200]
[2022- 7-29] [11:12: 8] [INFO] Iteration >> [99/200] done!
[2022- 7-29] [11:12: 8] [INFO] Iteration >> [100/200]
[2022- 7-29] [11:12:22] [INFO] Iteration >> [199/200] done!
[2022- 7-29] [11:12:22] [INFO] Write result!
[2022- 7-29] [11:12:22] [INFO] Check >> check result!
[2022- 7-29] [11:12:22] [INFO] Check >> check result correct!
[2022- 7-29] [11:12:22] [INFO] Time: spmv time cost: 23.6518s

[2022- 7-29] [11:12:22] [INFO] <<================ Matrix index  :  8 ================>>
[2022- 7-29] [11:12:22] [INFO] Mesh num             :  1200000
[2022- 7-29] [11:12:22] [INFO] Mesh >> decompose mesh!
[2022- 7-29] [11:12:22] [INFO] Decompse num         :  6
[2022- 7-29] [11:13:13] [INFO] Row num              :  200000
[2022- 7-29] [11:13:13] [INFO] Uppper non-zero num  :  1200000
[2022- 7-29] [11:13:13] [INFO] Init >> init vector!
[2022- 7-29] [11:13:13] [INFO] Matrix >> matrix tranform!
[2022- 7-29] [11:13:23] [INFO] Iteration >> Main Iterations start!
[2022- 7-29] [11:13:23] [INFO] Iteration >> [0/200]
[2022- 7-29] [11:13:48] [INFO] Iteration >> [99/200] done!
[2022- 7-29] [11:13:48] [INFO] Iteration >> [100/200]
[2022- 7-29] [11:14:12] [INFO] Iteration >> [199/200] done!
[2022- 7-29] [11:14:12] [INFO] Write result!
[2022- 7-29] [11:14:12] [INFO] Check >> check result!
[2022- 7-29] [11:14:12] [INFO] Check >> check result correct!
[2022- 7-29] [11:14:12] [INFO] Time: spmv time cost: 44.4293s

[2022- 7-29] [11:14:12] [INFO] Time: matrix 0 spmv time cost: 0.2698s
[2022- 7-29] [11:14:12] [INFO] Time: matrix 1 spmv time cost: 0.5885s
[2022- 7-29] [11:14:12] [INFO] Time: matrix 2 spmv time cost: 1.0652s
[2022- 7-29] [11:14:12] [INFO] Time: matrix 3 spmv time cost: 1.9066s
[2022- 7-29] [11:14:12] [INFO] Time: matrix 4 spmv time cost: 4.2713s
[2022- 7-29] [11:14:12] [INFO] Time: matrix 5 spmv time cost: 7.8368s
[2022- 7-29] [11:14:12] [INFO] Time: matrix 6 spmv time cost: 9.4926s
[2022- 7-29] [11:14:12] [INFO] Time: matrix 7 spmv time cost: 23.6518s
[2022- 7-29] [11:14:12] [INFO] Time: matrix 8 spmv time cost: 44.4293s
[2022- 7-29] [11:14:12] [INFO] Time: total spmv time cost: 93.5119s
[2022- 7-29] [11:14:12] [INFO] Time: total time cost: 213.3289s
dispatching ...
Job 3883457 has been finished.
