+ bsub -b -I -q q_cpc -n 6 -cgsp 64 -host_stack 1024 -share_size 15000 -ldm_share_mode 5 -ldm_share_size 128 -cache_size 32 ./matrix_solve
Job <3895239> has been submitted to queue <q_cpc>
waiting for dispatch ...
dispatching ...
[2022- 7-31] [15:45:27] [INFO] Number of Process    :  6

[2022- 7-31] [15:45:27] [INFO] <<================ Matrix index  :  0 ================>>
[2022- 7-31] [15:45:27] [INFO] Mesh num             :  60000
[2022- 7-31] [15:45:27] [INFO] Mesh >> decompose mesh!
[2022- 7-31] [15:45:27] [INFO] Decompse num         :  6
[2022- 7-31] [15:45:27] [INFO] Row num              :  10000
[2022- 7-31] [15:45:27] [INFO] Uppper non-zero num  :  10000
[2022- 7-31] [15:45:27] [INFO] Init >> init vector!
[2022- 7-31] [15:45:27] [INFO] Matrix >> matrix tranform!
[2022- 7-31] [15:45:27] [INFO] Iteration >> Main Iterations start!
[2022- 7-31] [15:45:27] [INFO] Iteration >> [0/200]
[2022- 7-31] [15:45:27] [INFO] Iteration >> [99/200] done!
[2022- 7-31] [15:45:27] [INFO] Iteration >> [100/200]
[2022- 7-31] [15:45:27] [INFO] Iteration >> [199/200] done!
[2022- 7-31] [15:45:27] [INFO] Write result!
[2022- 7-31] [15:45:27] [INFO] Check >> check result!
[2022- 7-31] [15:45:27] [INFO] Check >> check result correct!
[2022- 7-31] [15:45:27] [INFO] Time: spmv time cost: 0.0795s

[2022- 7-31] [15:45:27] [INFO] <<================ Matrix index  :  1 ================>>
[2022- 7-31] [15:45:27] [INFO] Mesh num             :  60000
[2022- 7-31] [15:45:27] [INFO] Mesh >> decompose mesh!
[2022- 7-31] [15:45:27] [INFO] Decompse num         :  6
[2022- 7-31] [15:45:28] [INFO] Row num              :  10000
[2022- 7-31] [15:45:28] [INFO] Uppper non-zero num  :  30000
[2022- 7-31] [15:45:28] [INFO] Init >> init vector!
[2022- 7-31] [15:45:28] [INFO] Matrix >> matrix tranform!
[2022- 7-31] [15:45:28] [INFO] Iteration >> Main Iterations start!
[2022- 7-31] [15:45:28] [INFO] Iteration >> [0/200]
[2022- 7-31] [15:45:28] [INFO] Iteration >> [99/200] done!
[2022- 7-31] [15:45:28] [INFO] Iteration >> [100/200]
[2022- 7-31] [15:45:28] [INFO] Iteration >> [199/200] done!
[2022- 7-31] [15:45:28] [INFO] Write result!
[2022- 7-31] [15:45:28] [INFO] Check >> check result!
[2022- 7-31] [15:45:28] [INFO] Check >> check result correct!
[2022- 7-31] [15:45:28] [INFO] Time: spmv time cost: 0.0847s

[2022- 7-31] [15:45:28] [INFO] <<================ Matrix index  :  2 ================>>
[2022- 7-31] [15:45:28] [INFO] Mesh num             :  6000
[2022- 7-31] [15:45:28] [INFO] Mesh >> decompose mesh!
[2022- 7-31] [15:45:28] [INFO] Decompse num         :  0
[2022- 7-31] [15:45:29] [INFO] Row num              :  10000
[2022- 7-31] [15:45:29] [INFO] Uppper non-zero num  :  60000
[2022- 7-31] [15:45:29] [INFO] Init >> init vector!
[2022- 7-31] [15:45:29] [INFO] Matrix >> matrix tranform!
[2022- 7-31] [15:45:29] [INFO] Iteration >> Main Iterations start!
[2022- 7-31] [15:45:29] [INFO] Iteration >> [0/200]
[2022- 7-31] [15:45:29] [INFO] Iteration >> [99/200] done!
[2022- 7-31] [15:45:29] [INFO] Iteration >> [100/200]
[2022- 7-31] [15:45:29] [INFO] Iteration >> [199/200] done!
[2022- 7-31] [15:45:29] [INFO] Write result!
[2022- 7-31] [15:45:29] [INFO] Check >> check result!
[2022- 7-31] [15:45:29] [INFO] Check >> check result correct!
[2022- 7-31] [15:45:29] [INFO] Time: spmv time cost: 0.0932s

[2022- 7-31] [15:45:29] [INFO] <<================ Matrix index  :  3 ================>>
[2022- 7-31] [15:45:29] [INFO] Mesh num             :  300000
[2022- 7-31] [15:45:29] [INFO] Mesh >> decompose mesh!
[2022- 7-31] [15:45:29] [INFO] Decompse num         :  6
[2022- 7-31] [15:45:30] [INFO] Row num              :  50000
[2022- 7-31] [15:45:30] [INFO] Uppper non-zero num  :  50000
[2022- 7-31] [15:45:30] [INFO] Init >> init vector!
[2022- 7-31] [15:45:30] [INFO] Matrix >> matrix tranform!
[2022- 7-31] [15:45:31] [INFO] Iteration >> Main Iterations start!
[2022- 7-31] [15:45:31] [INFO] Iteration >> [0/200]
[2022- 7-31] [15:45:31] [INFO] Iteration >> [99/200] done!
[2022- 7-31] [15:45:31] [INFO] Iteration >> [100/200]
[2022- 7-31] [15:45:32] [INFO] Iteration >> [199/200] done!
[2022- 7-31] [15:45:32] [INFO] Write result!
[2022- 7-31] [15:45:32] [INFO] Check >> check result!
[2022- 7-31] [15:45:32] [INFO] Check >> check result correct!
[2022- 7-31] [15:45:32] [INFO] Time: spmv time cost: 0.3828s

[2022- 7-31] [15:45:32] [INFO] <<================ Matrix index  :  4 ================>>
[2022- 7-31] [15:45:32] [INFO] Mesh num             :  300000
[2022- 7-31] [15:45:32] [INFO] Mesh >> decompose mesh!
[2022- 7-31] [15:45:32] [INFO] Decompse num         :  6
[2022- 7-31] [15:45:34] [INFO] Row num              :  50000
[2022- 7-31] [15:45:34] [INFO] Uppper non-zero num  :  150000
[2022- 7-31] [15:45:34] [INFO] Init >> init vector!
[2022- 7-31] [15:45:34] [INFO] Matrix >> matrix tranform!
[2022- 7-31] [15:45:35] [INFO] Iteration >> Main Iterations start!
[2022- 7-31] [15:45:35] [INFO] Iteration >> [0/200]
[2022- 7-31] [15:45:36] [INFO] Iteration >> [99/200] done!
[2022- 7-31] [15:45:36] [INFO] Iteration >> [100/200]
[2022- 7-31] [15:45:37] [INFO] Iteration >> [199/200] done!
[2022- 7-31] [15:45:37] [INFO] Write result!
[2022- 7-31] [15:45:37] [INFO] Check >> check result!
[2022- 7-31] [15:45:37] [INFO] Check >> check result correct!
[2022- 7-31] [15:45:37] [INFO] Time: spmv time cost: 0.4097s

[2022- 7-31] [15:45:37] [INFO] <<================ Matrix index  :  5 ================>>
[2022- 7-31] [15:45:37] [INFO] Mesh num             :  300000
[2022- 7-31] [15:45:37] [INFO] Mesh >> decompose mesh!
[2022- 7-31] [15:45:37] [INFO] Decompse num         :  6
[2022- 7-31] [15:45:41] [INFO] Row num              :  50000
[2022- 7-31] [15:45:41] [INFO] Uppper non-zero num  :  300000
[2022- 7-31] [15:45:41] [INFO] Init >> init vector!
[2022- 7-31] [15:45:41] [INFO] Matrix >> matrix tranform!
[2022- 7-31] [15:45:43] [INFO] Iteration >> Main Iterations start!
[2022- 7-31] [15:45:43] [INFO] Iteration >> [0/200]
[2022- 7-31] [15:45:44] [INFO] Iteration >> [99/200] done!
[2022- 7-31] [15:45:44] [INFO] Iteration >> [100/200]
[2022- 7-31] [15:45:45] [INFO] Iteration >> [199/200] done!
[2022- 7-31] [15:45:45] [INFO] Write result!
[2022- 7-31] [15:45:45] [INFO] Check >> check result!
[2022- 7-31] [15:45:45] [INFO] Check >> check result correct!
[2022- 7-31] [15:45:45] [INFO] Time: spmv time cost: 0.4544s

[2022- 7-31] [15:45:45] [INFO] <<================ Matrix index  :  6 ================>>
[2022- 7-31] [15:45:45] [INFO] Mesh num             :  1200000
[2022- 7-31] [15:45:45] [INFO] Mesh >> decompose mesh!
[2022- 7-31] [15:45:45] [INFO] Decompse num         :  6
[2022- 7-31] [15:45:51] [INFO] Row num              :  200000
[2022- 7-31] [15:45:51] [INFO] Uppper non-zero num  :  200000
[2022- 7-31] [15:45:51] [INFO] Init >> init vector!
[2022- 7-31] [15:45:51] [INFO] Matrix >> matrix tranform!
[2022- 7-31] [15:45:55] [INFO] Iteration >> Main Iterations start!
[2022- 7-31] [15:45:55] [INFO] Iteration >> [0/200]
[2022- 7-31] [15:45:57] [INFO] Iteration >> [99/200] done!
[2022- 7-31] [15:45:57] [INFO] Iteration >> [100/200]
[2022- 7-31] [15:46: 0] [INFO] Iteration >> [199/200] done!
[2022- 7-31] [15:46: 0] [INFO] Write result!
[2022- 7-31] [15:46: 0] [INFO] Check >> check result!
[2022- 7-31] [15:46: 0] [INFO] Check >> check result correct!
[2022- 7-31] [15:46: 0] [INFO] Time: spmv time cost: 1.5204s

[2022- 7-31] [15:46: 0] [INFO] <<================ Matrix index  :  7 ================>>
[2022- 7-31] [15:46: 0] [INFO] Mesh num             :  1200000
[2022- 7-31] [15:46: 0] [INFO] Mesh >> decompose mesh!
[2022- 7-31] [15:46: 0] [INFO] Decompse num         :  6
[2022- 7-31] [15:46:12] [INFO] Row num              :  200000
[2022- 7-31] [15:46:12] [INFO] Uppper non-zero num  :  600000
[2022- 7-31] [15:46:12] [INFO] Init >> init vector!
[2022- 7-31] [15:46:12] [INFO] Matrix >> matrix tranform!
[2022- 7-31] [15:46:19] [INFO] Iteration >> Main Iterations start!
[2022- 7-31] [15:46:19] [INFO] Iteration >> [0/200]
[2022- 7-31] [15:46:22] [INFO] Iteration >> [99/200] done!
[2022- 7-31] [15:46:22] [INFO] Iteration >> [100/200]
[2022- 7-31] [15:46:25] [INFO] Iteration >> [199/200] done!
[2022- 7-31] [15:46:25] [INFO] Write result!
[2022- 7-31] [15:46:25] [INFO] Check >> check result!
[2022- 7-31] [15:46:25] [INFO] Check >> check result correct!
[2022- 7-31] [15:46:25] [INFO] Time: spmv time cost: 1.6654s

[2022- 7-31] [15:46:25] [INFO] <<================ Matrix index  :  8 ================>>
[2022- 7-31] [15:46:25] [INFO] Mesh num             :  1200000
[2022- 7-31] [15:46:25] [INFO] Mesh >> decompose mesh!
[2022- 7-31] [15:46:25] [INFO] Decompse num         :  6
[2022- 7-31] [15:47:16] [INFO] Row num              :  200000
[2022- 7-31] [15:47:16] [INFO] Uppper non-zero num  :  1200000
[2022- 7-31] [15:47:16] [INFO] Init >> init vector!
[2022- 7-31] [15:47:16] [INFO] Matrix >> matrix tranform!
[2022- 7-31] [15:47:27] [INFO] Iteration >> Main Iterations start!
[2022- 7-31] [15:47:27] [INFO] Iteration >> [0/200]
[2022- 7-31] [15:47:30] [INFO] Iteration >> [99/200] done!
[2022- 7-31] [15:47:30] [INFO] Iteration >> [100/200]
[2022- 7-31] [15:47:33] [INFO] Iteration >> [199/200] done!
[2022- 7-31] [15:47:33] [INFO] Write result!
[2022- 7-31] [15:47:33] [INFO] Check >> check result!
[2022- 7-31] [15:47:33] [INFO] Check >> check result correct!
[2022- 7-31] [15:47:33] [INFO] Time: spmv time cost: 1.8843s

[2022- 7-31] [15:47:33] [INFO] Time: matrix 0 spmv time cost: 0.0795s
[2022- 7-31] [15:47:33] [INFO] Time: matrix 1 spmv time cost: 0.0847s
[2022- 7-31] [15:47:33] [INFO] Time: matrix 2 spmv time cost: 0.0932s
[2022- 7-31] [15:47:33] [INFO] Time: matrix 3 spmv time cost: 0.3828s
[2022- 7-31] [15:47:33] [INFO] Time: matrix 4 spmv time cost: 0.4097s
[2022- 7-31] [15:47:33] [INFO] Time: matrix 5 spmv time cost: 0.4544s
[2022- 7-31] [15:47:33] [INFO] Time: matrix 6 spmv time cost: 1.5204s
[2022- 7-31] [15:47:33] [INFO] Time: matrix 7 spmv time cost: 1.6654s
[2022- 7-31] [15:47:33] [INFO] Time: matrix 8 spmv time cost: 1.8843s
[2022- 7-31] [15:47:33] [INFO] Time: total spmv time cost: 6.5744s
[2022- 7-31] [15:47:33] [INFO] Time: total time cost: 126.3358s
Job 3895239 has been finished.