+ bsub -b -I -q q_cpc -n 6 -cgsp 64 -host_stack 1024 -share_size 15000 -ldm_share_mode 5 -ldm_share_size 128 -cache_size 32 ./matrix_solve
Job <3895403> has been submitted to queue <q_cpc>
waiting for dispatch ...
dispatching ...
[2022- 7-31] [16:25:30] [INFO] Number of Process    :  6

[2022- 7-31] [16:25:30] [INFO] <<================ Matrix index  :  0 ================>>
[2022- 7-31] [16:25:30] [INFO] Mesh num             :  60000
[2022- 7-31] [16:25:30] [INFO] Mesh >> decompose mesh!
[2022- 7-31] [16:25:30] [INFO] Decompse num         :  6
[2022- 7-31] [16:25:30] [INFO] Row num              :  10000
[2022- 7-31] [16:25:30] [INFO] Uppper non-zero num  :  10000
[2022- 7-31] [16:25:30] [INFO] Init >> init vector!
[2022- 7-31] [16:25:30] [INFO] Matrix >> matrix tranform!
[2022- 7-31] [16:25:30] [INFO] Iteration >> Main Iterations start!
[2022- 7-31] [16:25:30] [INFO] Iteration >> [0/200]
[2022- 7-31] [16:25:30] [INFO] Iteration >> [99/200] done!
[2022- 7-31] [16:25:30] [INFO] Iteration >> [100/200]
[2022- 7-31] [16:25:30] [INFO] Iteration >> [199/200] done!
[2022- 7-31] [16:25:30] [INFO] Write result!
[2022- 7-31] [16:25:30] [INFO] Check >> check result!
[2022- 7-31] [16:25:30] [INFO] Check >> check result correct!
[2022- 7-31] [16:25:30] [INFO] Time: spmv time cost: 0.0168s

[2022- 7-31] [16:25:30] [INFO] <<================ Matrix index  :  1 ================>>
[2022- 7-31] [16:25:30] [INFO] Mesh num             :  60000
[2022- 7-31] [16:25:30] [INFO] Mesh >> decompose mesh!
[2022- 7-31] [16:25:30] [INFO] Decompse num         :  6
[2022- 7-31] [16:25:31] [INFO] Row num              :  10000
[2022- 7-31] [16:25:31] [INFO] Uppper non-zero num  :  30000
[2022- 7-31] [16:25:31] [INFO] Init >> init vector!
[2022- 7-31] [16:25:31] [INFO] Matrix >> matrix tranform!
[2022- 7-31] [16:25:31] [INFO] Iteration >> Main Iterations start!
[2022- 7-31] [16:25:31] [INFO] Iteration >> [0/200]
[2022- 7-31] [16:25:31] [INFO] Iteration >> [99/200] done!
[2022- 7-31] [16:25:31] [INFO] Iteration >> [100/200]
[2022- 7-31] [16:25:31] [INFO] Iteration >> [199/200] done!
[2022- 7-31] [16:25:31] [INFO] Write result!
[2022- 7-31] [16:25:31] [INFO] Check >> check result!
[2022- 7-31] [16:25:31] [INFO] Check >> check result correct!
[2022- 7-31] [16:25:31] [INFO] Time: spmv time cost: 0.0266s

[2022- 7-31] [16:25:31] [INFO] <<================ Matrix index  :  2 ================>>
[2022- 7-31] [16:25:31] [INFO] Mesh num             :  6000
[2022- 7-31] [16:25:31] [INFO] Mesh >> decompose mesh!
[2022- 7-31] [16:25:31] [INFO] Decompse num         :  0
[2022- 7-31] [16:25:32] [INFO] Row num              :  10000
[2022- 7-31] [16:25:32] [INFO] Uppper non-zero num  :  60000
[2022- 7-31] [16:25:32] [INFO] Init >> init vector!
[2022- 7-31] [16:25:32] [INFO] Matrix >> matrix tranform!
[2022- 7-31] [16:25:32] [INFO] Iteration >> Main Iterations start!
[2022- 7-31] [16:25:32] [INFO] Iteration >> [0/200]
[2022- 7-31] [16:25:32] [INFO] Iteration >> [99/200] done!
[2022- 7-31] [16:25:32] [INFO] Iteration >> [100/200]
[2022- 7-31] [16:25:32] [INFO] Iteration >> [199/200] done!
[2022- 7-31] [16:25:32] [INFO] Write result!
[2022- 7-31] [16:25:32] [INFO] Check >> check result!
[2022- 7-31] [16:25:32] [INFO] Check >> check result correct!
[2022- 7-31] [16:25:32] [INFO] Time: spmv time cost: 0.0442s

[2022- 7-31] [16:25:32] [INFO] <<================ Matrix index  :  3 ================>>
[2022- 7-31] [16:25:32] [INFO] Mesh num             :  300000
[2022- 7-31] [16:25:32] [INFO] Mesh >> decompose mesh!
[2022- 7-31] [16:25:32] [INFO] Decompse num         :  6
[2022- 7-31] [16:25:33] [INFO] Row num              :  50000
[2022- 7-31] [16:25:33] [INFO] Uppper non-zero num  :  50000
[2022- 7-31] [16:25:33] [INFO] Init >> init vector!
[2022- 7-31] [16:25:33] [INFO] Matrix >> matrix tranform!
[2022- 7-31] [16:25:33] [INFO] Iteration >> Main Iterations start!
[2022- 7-31] [16:25:33] [INFO] Iteration >> [0/200]
[2022- 7-31] [16:25:34] [INFO] Iteration >> [99/200] done!
[2022- 7-31] [16:25:34] [INFO] Iteration >> [100/200]
[2022- 7-31] [16:25:35] [INFO] Iteration >> [199/200] done!
[2022- 7-31] [16:25:35] [INFO] Write result!
[2022- 7-31] [16:25:35] [INFO] Check >> check result!
[2022- 7-31] [16:25:35] [INFO] Check >> check result correct!
[2022- 7-31] [16:25:35] [INFO] Time: spmv time cost: 0.0501s

[2022- 7-31] [16:25:35] [INFO] <<================ Matrix index  :  4 ================>>
[2022- 7-31] [16:25:35] [INFO] Mesh num             :  300000
[2022- 7-31] [16:25:35] [INFO] Mesh >> decompose mesh!
[2022- 7-31] [16:25:35] [INFO] Decompse num         :  6
[2022- 7-31] [16:25:36] [INFO] Row num              :  50000
[2022- 7-31] [16:25:36] [INFO] Uppper non-zero num  :  150000
[2022- 7-31] [16:25:36] [INFO] Init >> init vector!
[2022- 7-31] [16:25:37] [INFO] Matrix >> matrix tranform!
[2022- 7-31] [16:25:38] [INFO] Iteration >> Main Iterations start!
[2022- 7-31] [16:25:38] [INFO] Iteration >> [0/200]
[2022- 7-31] [16:25:39] [INFO] Iteration >> [99/200] done!
[2022- 7-31] [16:25:39] [INFO] Iteration >> [100/200]
[2022- 7-31] [16:25:39] [INFO] Iteration >> [199/200] done!
[2022- 7-31] [16:25:39] [INFO] Write result!
[2022- 7-31] [16:25:39] [INFO] Check >> check result!
[2022- 7-31] [16:25:39] [INFO] Check >> check result correct!
[2022- 7-31] [16:25:39] [INFO] Time: spmv time cost: 0.0880s

[2022- 7-31] [16:25:39] [INFO] <<================ Matrix index  :  5 ================>>
[2022- 7-31] [16:25:39] [INFO] Mesh num             :  300000
[2022- 7-31] [16:25:39] [INFO] Mesh >> decompose mesh!
[2022- 7-31] [16:25:39] [INFO] Decompse num         :  6
[2022- 7-31] [16:25:43] [INFO] Row num              :  50000
[2022- 7-31] [16:25:43] [INFO] Uppper non-zero num  :  300000
[2022- 7-31] [16:25:43] [INFO] Init >> init vector!
[2022- 7-31] [16:25:43] [INFO] Matrix >> matrix tranform!
[2022- 7-31] [16:25:45] [INFO] Iteration >> Main Iterations start!
[2022- 7-31] [16:25:45] [INFO] Iteration >> [0/200]
[2022- 7-31] [16:25:46] [INFO] Iteration >> [99/200] done!
[2022- 7-31] [16:25:46] [INFO] Iteration >> [100/200]
[2022- 7-31] [16:25:46] [INFO] Iteration >> [199/200] done!
[2022- 7-31] [16:25:46] [INFO] Write result!
[2022- 7-31] [16:25:46] [INFO] Check >> check result!
[2022- 7-31] [16:25:46] [INFO] Check >> check result correct!
[2022- 7-31] [16:25:46] [INFO] Time: spmv time cost: 0.1475s

[2022- 7-31] [16:25:46] [INFO] <<================ Matrix index  :  6 ================>>
[2022- 7-31] [16:25:46] [INFO] Mesh num             :  1200000
[2022- 7-31] [16:25:46] [INFO] Mesh >> decompose mesh!
[2022- 7-31] [16:25:46] [INFO] Decompse num         :  6
[2022- 7-31] [16:25:53] [INFO] Row num              :  200000
[2022- 7-31] [16:25:53] [INFO] Uppper non-zero num  :  200000
[2022- 7-31] [16:25:53] [INFO] Init >> init vector!
[2022- 7-31] [16:25:53] [INFO] Matrix >> matrix tranform!
[2022- 7-31] [16:25:56] [INFO] Iteration >> Main Iterations start!
[2022- 7-31] [16:25:56] [INFO] Iteration >> [0/200]
[2022- 7-31] [16:25:59] [INFO] Iteration >> [99/200] done!
[2022- 7-31] [16:25:59] [INFO] Iteration >> [100/200]
[2022- 7-31] [16:26: 1] [INFO] Iteration >> [199/200] done!
[2022- 7-31] [16:26: 1] [INFO] Write result!
[2022- 7-31] [16:26: 1] [INFO] Check >> check result!
[2022- 7-31] [16:26: 1] [INFO] Check >> check result correct!
[2022- 7-31] [16:26: 1] [INFO] Time: spmv time cost: 0.1807s

[2022- 7-31] [16:26: 1] [INFO] <<================ Matrix index  :  7 ================>>
[2022- 7-31] [16:26: 1] [INFO] Mesh num             :  1200000
[2022- 7-31] [16:26: 1] [INFO] Mesh >> decompose mesh!
[2022- 7-31] [16:26: 1] [INFO] Decompse num         :  6
[2022- 7-31] [16:26:13] [INFO] Row num              :  200000
[2022- 7-31] [16:26:13] [INFO] Uppper non-zero num  :  600000
[2022- 7-31] [16:26:13] [INFO] Init >> init vector!
[2022- 7-31] [16:26:13] [INFO] Matrix >> matrix tranform!
[2022- 7-31] [16:26:19] [INFO] Iteration >> Main Iterations start!
[2022- 7-31] [16:26:19] [INFO] Iteration >> [0/200]
[2022- 7-31] [16:26:22] [INFO] Iteration >> [99/200] done!
[2022- 7-31] [16:26:22] [INFO] Iteration >> [100/200]
[2022- 7-31] [16:26:24] [INFO] Iteration >> [199/200] done!
[2022- 7-31] [16:26:24] [INFO] Write result!
[2022- 7-31] [16:26:24] [INFO] Check >> check result!
[2022- 7-31] [16:26:24] [INFO] Check >> check result correct!
[2022- 7-31] [16:26:24] [INFO] Time: spmv time cost: 0.3174s

[2022- 7-31] [16:26:24] [INFO] <<================ Matrix index  :  8 ================>>
[2022- 7-31] [16:26:24] [INFO] Mesh num             :  1200000
[2022- 7-31] [16:26:24] [INFO] Mesh >> decompose mesh!
[2022- 7-31] [16:26:24] [INFO] Decompse num         :  6
[2022- 7-31] [16:27:15] [INFO] Row num              :  200000
[2022- 7-31] [16:27:15] [INFO] Uppper non-zero num  :  1200000
[2022- 7-31] [16:27:15] [INFO] Init >> init vector!
[2022- 7-31] [16:27:15] [INFO] Matrix >> matrix tranform!
[2022- 7-31] [16:27:26] [INFO] Iteration >> Main Iterations start!
[2022- 7-31] [16:27:26] [INFO] Iteration >> [0/200]
[2022- 7-31] [16:27:28] [INFO] Iteration >> [99/200] done!
[2022- 7-31] [16:27:28] [INFO] Iteration >> [100/200]
[2022- 7-31] [16:27:31] [INFO] Iteration >> [199/200] done!
[2022- 7-31] [16:27:31] [INFO] Write result!
[2022- 7-31] [16:27:31] [INFO] Check >> check result!
[2022- 7-31] [16:27:31] [INFO] Check >> check result correct!
[2022- 7-31] [16:27:31] [INFO] Time: spmv time cost: 0.5589s

[2022- 7-31] [16:27:31] [INFO] Time: matrix 0 spmv time cost: 0.0168s
[2022- 7-31] [16:27:31] [INFO] Time: matrix 1 spmv time cost: 0.0266s
[2022- 7-31] [16:27:31] [INFO] Time: matrix 2 spmv time cost: 0.0442s
[2022- 7-31] [16:27:31] [INFO] Time: matrix 3 spmv time cost: 0.0501s
[2022- 7-31] [16:27:31] [INFO] Time: matrix 4 spmv time cost: 0.0880s
[2022- 7-31] [16:27:31] [INFO] Time: matrix 5 spmv time cost: 0.1475s
[2022- 7-31] [16:27:31] [INFO] Time: matrix 6 spmv time cost: 0.1807s
[2022- 7-31] [16:27:31] [INFO] Time: matrix 7 spmv time cost: 0.3174s
[2022- 7-31] [16:27:31] [INFO] Time: matrix 8 spmv time cost: 0.5589s
[2022- 7-31] [16:27:31] [INFO] Time: total spmv time cost: 1.4302s
[2022- 7-31] [16:27:31] [INFO] Time: total time cost: 121.1528s
Job 3895403 has been finished.