+ bsub -b -I -q q_cpc -n 6 -cgsp 64 -host_stack 1024 -share_size 15000 -ldm_share_mode 5 -ldm_share_size 128 -cache_size 32 ./matrix_solve
Job <3895422> has been submitted to queue <q_cpc>
waiting for dispatch ...
dispatching ...
[2022- 7-31] [16:33:22] [INFO] Number of Process    :  6

[2022- 7-31] [16:33:22] [INFO] <<================ Matrix index  :  0 ================>>
[2022- 7-31] [16:33:22] [INFO] Mesh num             :  60000
[2022- 7-31] [16:33:22] [INFO] Mesh >> decompose mesh!
[2022- 7-31] [16:33:22] [INFO] Decompse num         :  6
[2022- 7-31] [16:33:22] [INFO] Row num              :  10000
[2022- 7-31] [16:33:22] [INFO] Uppper non-zero num  :  10000
[2022- 7-31] [16:33:22] [INFO] Init >> init vector!
[2022- 7-31] [16:33:22] [INFO] Matrix >> matrix tranform!
[2022- 7-31] [16:33:22] [INFO] Iteration >> Main Iterations start!
[2022- 7-31] [16:33:22] [INFO] Iteration >> [0/200]
[2022- 7-31] [16:33:22] [INFO] Iteration >> [99/200] done!
[2022- 7-31] [16:33:22] [INFO] Iteration >> [100/200]
[2022- 7-31] [16:33:23] [INFO] Iteration >> [199/200] done!
[2022- 7-31] [16:33:23] [INFO] Write result!
[2022- 7-31] [16:33:23] [INFO] Check >> check result!
[2022- 7-31] [16:33:23] [INFO] Check >> check result correct!
[2022- 7-31] [16:33:23] [INFO] Time: spmv time cost: 0.0162s

[2022- 7-31] [16:33:23] [INFO] <<================ Matrix index  :  1 ================>>
[2022- 7-31] [16:33:23] [INFO] Mesh num             :  60000
[2022- 7-31] [16:33:23] [INFO] Mesh >> decompose mesh!
[2022- 7-31] [16:33:23] [INFO] Decompse num         :  6
[2022- 7-31] [16:33:23] [INFO] Row num              :  10000
[2022- 7-31] [16:33:23] [INFO] Uppper non-zero num  :  30000
[2022- 7-31] [16:33:23] [INFO] Init >> init vector!
[2022- 7-31] [16:33:23] [INFO] Matrix >> matrix tranform!
[2022- 7-31] [16:33:23] [INFO] Iteration >> Main Iterations start!
[2022- 7-31] [16:33:23] [INFO] Iteration >> [0/200]
[2022- 7-31] [16:33:23] [INFO] Iteration >> [99/200] done!
[2022- 7-31] [16:33:23] [INFO] Iteration >> [100/200]
[2022- 7-31] [16:33:23] [INFO] Iteration >> [199/200] done!
[2022- 7-31] [16:33:23] [INFO] Write result!
[2022- 7-31] [16:33:23] [INFO] Check >> check result!
[2022- 7-31] [16:33:23] [INFO] Check >> check result correct!
[2022- 7-31] [16:33:23] [INFO] Time: spmv time cost: 0.0262s

[2022- 7-31] [16:33:23] [INFO] <<================ Matrix index  :  2 ================>>
[2022- 7-31] [16:33:23] [INFO] Mesh num             :  6000
[2022- 7-31] [16:33:23] [INFO] Mesh >> decompose mesh!
[2022- 7-31] [16:33:23] [INFO] Decompse num         :  0
[2022- 7-31] [16:33:24] [INFO] Row num              :  10000
[2022- 7-31] [16:33:24] [INFO] Uppper non-zero num  :  60000
[2022- 7-31] [16:33:24] [INFO] Init >> init vector!
[2022- 7-31] [16:33:24] [INFO] Matrix >> matrix tranform!
[2022- 7-31] [16:33:24] [INFO] Iteration >> Main Iterations start!
[2022- 7-31] [16:33:24] [INFO] Iteration >> [0/200]
[2022- 7-31] [16:33:24] [INFO] Iteration >> [99/200] done!
[2022- 7-31] [16:33:24] [INFO] Iteration >> [100/200]
[2022- 7-31] [16:33:24] [INFO] Iteration >> [199/200] done!
[2022- 7-31] [16:33:24] [INFO] Write result!
[2022- 7-31] [16:33:24] [INFO] Check >> check result!
[2022- 7-31] [16:33:24] [INFO] Check >> check result correct!
[2022- 7-31] [16:33:24] [INFO] Time: spmv time cost: 0.0437s

[2022- 7-31] [16:33:24] [INFO] <<================ Matrix index  :  3 ================>>
[2022- 7-31] [16:33:24] [INFO] Mesh num             :  300000
[2022- 7-31] [16:33:24] [INFO] Mesh >> decompose mesh!
[2022- 7-31] [16:33:25] [INFO] Decompse num         :  6
[2022- 7-31] [16:33:25] [INFO] Row num              :  50000
[2022- 7-31] [16:33:25] [INFO] Uppper non-zero num  :  50000
[2022- 7-31] [16:33:25] [INFO] Init >> init vector!
[2022- 7-31] [16:33:25] [INFO] Matrix >> matrix tranform!
[2022- 7-31] [16:33:26] [INFO] Iteration >> Main Iterations start!
[2022- 7-31] [16:33:26] [INFO] Iteration >> [0/200]
[2022- 7-31] [16:33:26] [INFO] Iteration >> [99/200] done!
[2022- 7-31] [16:33:26] [INFO] Iteration >> [100/200]
[2022- 7-31] [16:33:27] [INFO] Iteration >> [199/200] done!
[2022- 7-31] [16:33:27] [INFO] Write result!
[2022- 7-31] [16:33:27] [INFO] Check >> check result!
[2022- 7-31] [16:33:27] [INFO] Check >> check result correct!
[2022- 7-31] [16:33:27] [INFO] Time: spmv time cost: 0.0488s

[2022- 7-31] [16:33:27] [INFO] <<================ Matrix index  :  4 ================>>
[2022- 7-31] [16:33:27] [INFO] Mesh num             :  300000
[2022- 7-31] [16:33:27] [INFO] Mesh >> decompose mesh!
[2022- 7-31] [16:33:27] [INFO] Decompse num         :  6
[2022- 7-31] [16:33:29] [INFO] Row num              :  50000
[2022- 7-31] [16:33:29] [INFO] Uppper non-zero num  :  150000
[2022- 7-31] [16:33:29] [INFO] Init >> init vector!
[2022- 7-31] [16:33:29] [INFO] Matrix >> matrix tranform!
[2022- 7-31] [16:33:30] [INFO] Iteration >> Main Iterations start!
[2022- 7-31] [16:33:30] [INFO] Iteration >> [0/200]
[2022- 7-31] [16:33:31] [INFO] Iteration >> [99/200] done!
[2022- 7-31] [16:33:31] [INFO] Iteration >> [100/200]
[2022- 7-31] [16:33:31] [INFO] Iteration >> [199/200] done!
[2022- 7-31] [16:33:31] [INFO] Write result!
[2022- 7-31] [16:33:31] [INFO] Check >> check result!
[2022- 7-31] [16:33:31] [INFO] Check >> check result correct!
[2022- 7-31] [16:33:31] [INFO] Time: spmv time cost: 0.0875s

[2022- 7-31] [16:33:31] [INFO] <<================ Matrix index  :  5 ================>>
[2022- 7-31] [16:33:31] [INFO] Mesh num             :  300000
[2022- 7-31] [16:33:31] [INFO] Mesh >> decompose mesh!
[2022- 7-31] [16:33:31] [INFO] Decompse num         :  6
[2022- 7-31] [16:33:35] [INFO] Row num              :  50000
[2022- 7-31] [16:33:35] [INFO] Uppper non-zero num  :  300000
[2022- 7-31] [16:33:35] [INFO] Init >> init vector!
[2022- 7-31] [16:33:35] [INFO] Matrix >> matrix tranform!
[2022- 7-31] [16:33:37] [INFO] Iteration >> Main Iterations start!
[2022- 7-31] [16:33:37] [INFO] Iteration >> [0/200]
[2022- 7-31] [16:33:38] [INFO] Iteration >> [99/200] done!
[2022- 7-31] [16:33:38] [INFO] Iteration >> [100/200]
[2022- 7-31] [16:33:39] [INFO] Iteration >> [199/200] done!
[2022- 7-31] [16:33:39] [INFO] Write result!
[2022- 7-31] [16:33:39] [INFO] Check >> check result!
[2022- 7-31] [16:33:39] [INFO] Check >> check result correct!
[2022- 7-31] [16:33:39] [INFO] Time: spmv time cost: 0.1466s

[2022- 7-31] [16:33:39] [INFO] <<================ Matrix index  :  6 ================>>
[2022- 7-31] [16:33:39] [INFO] Mesh num             :  1200000
[2022- 7-31] [16:33:39] [INFO] Mesh >> decompose mesh!
[2022- 7-31] [16:33:39] [INFO] Decompse num         :  6
[2022- 7-31] [16:33:46] [INFO] Row num              :  200000
[2022- 7-31] [16:33:46] [INFO] Uppper non-zero num  :  200000
[2022- 7-31] [16:33:46] [INFO] Init >> init vector!
[2022- 7-31] [16:33:46] [INFO] Matrix >> matrix tranform!
[2022- 7-31] [16:33:49] [INFO] Iteration >> Main Iterations start!
[2022- 7-31] [16:33:49] [INFO] Iteration >> [0/200]
[2022- 7-31] [16:33:51] [INFO] Iteration >> [99/200] done!
[2022- 7-31] [16:33:51] [INFO] Iteration >> [100/200]
[2022- 7-31] [16:33:53] [INFO] Iteration >> [199/200] done!
[2022- 7-31] [16:33:53] [INFO] Write result!
[2022- 7-31] [16:33:53] [INFO] Check >> check result!
[2022- 7-31] [16:33:53] [INFO] Check >> check result correct!
[2022- 7-31] [16:33:53] [INFO] Time: spmv time cost: 0.1726s

[2022- 7-31] [16:33:53] [INFO] <<================ Matrix index  :  7 ================>>
[2022- 7-31] [16:33:53] [INFO] Mesh num             :  1200000
[2022- 7-31] [16:33:53] [INFO] Mesh >> decompose mesh!
[2022- 7-31] [16:33:53] [INFO] Decompse num         :  6
[2022- 7-31] [16:34: 5] [INFO] Row num              :  200000
[2022- 7-31] [16:34: 5] [INFO] Uppper non-zero num  :  600000
[2022- 7-31] [16:34: 5] [INFO] Init >> init vector!
[2022- 7-31] [16:34: 5] [INFO] Matrix >> matrix tranform!
[2022- 7-31] [16:34:12] [INFO] Iteration >> Main Iterations start!
[2022- 7-31] [16:34:12] [INFO] Iteration >> [0/200]
[2022- 7-31] [16:34:14] [INFO] Iteration >> [99/200] done!
[2022- 7-31] [16:34:14] [INFO] Iteration >> [100/200]
[2022- 7-31] [16:34:17] [INFO] Iteration >> [199/200] done!
[2022- 7-31] [16:34:17] [INFO] Write result!
[2022- 7-31] [16:34:17] [INFO] Check >> check result!
[2022- 7-31] [16:34:17] [INFO] Check >> check result correct!
[2022- 7-31] [16:34:17] [INFO] Time: spmv time cost: 0.3152s

[2022- 7-31] [16:34:17] [INFO] <<================ Matrix index  :  8 ================>>
[2022- 7-31] [16:34:17] [INFO] Mesh num             :  1200000
[2022- 7-31] [16:34:17] [INFO] Mesh >> decompose mesh!
[2022- 7-31] [16:34:17] [INFO] Decompse num         :  6
[2022- 7-31] [16:35: 7] [INFO] Row num              :  200000
[2022- 7-31] [16:35: 7] [INFO] Uppper non-zero num  :  1200000
[2022- 7-31] [16:35: 7] [INFO] Init >> init vector!
[2022- 7-31] [16:35: 8] [INFO] Matrix >> matrix tranform!
[2022- 7-31] [16:35:18] [INFO] Iteration >> Main Iterations start!
[2022- 7-31] [16:35:18] [INFO] Iteration >> [0/200]
[2022- 7-31] [16:35:21] [INFO] Iteration >> [99/200] done!
[2022- 7-31] [16:35:21] [INFO] Iteration >> [100/200]
[2022- 7-31] [16:35:23] [INFO] Iteration >> [199/200] done!
[2022- 7-31] [16:35:23] [INFO] Write result!
[2022- 7-31] [16:35:23] [INFO] Check >> check result!
[2022- 7-31] [16:35:23] [INFO] Check >> check result correct!
[2022- 7-31] [16:35:23] [INFO] Time: spmv time cost: 0.5590s

[2022- 7-31] [16:35:23] [INFO] Time: matrix 0 spmv time cost: 0.0162s
[2022- 7-31] [16:35:23] [INFO] Time: matrix 1 spmv time cost: 0.0262s
[2022- 7-31] [16:35:23] [INFO] Time: matrix 2 spmv time cost: 0.0437s
[2022- 7-31] [16:35:23] [INFO] Time: matrix 3 spmv time cost: 0.0488s
[2022- 7-31] [16:35:23] [INFO] Time: matrix 4 spmv time cost: 0.0875s
[2022- 7-31] [16:35:23] [INFO] Time: matrix 5 spmv time cost: 0.1466s
[2022- 7-31] [16:35:23] [INFO] Time: matrix 6 spmv time cost: 0.1726s
[2022- 7-31] [16:35:23] [INFO] Time: matrix 7 spmv time cost: 0.3152s
[2022- 7-31] [16:35:23] [INFO] Time: matrix 8 spmv time cost: 0.5590s
[2022- 7-31] [16:35:23] [INFO] Time: total spmv time cost: 1.4158s
[2022- 7-31] [16:35:23] [INFO] Time: total time cost: 121.2008s
Job 3895422 has been finished.