+ bsub -b -I -q q_cpc -n 6 -cgsp 64 -host_stack 1024 -share_size 15000 -ldm_share_mode 5 -ldm_share_size 128 -cache_size 32 ./matrix_solve
Job <3895568> has been submitted to queue <q_cpc>
waiting for dispatch ...
dispatching ...
[2022- 7-31] [17:29:37] [INFO] Number of Process    :  6

[2022- 7-31] [17:29:37] [INFO] <<================ Matrix index  :  0 ================>>
[2022- 7-31] [17:29:37] [INFO] Mesh num             :  60000
[2022- 7-31] [17:29:37] [INFO] Mesh >> decompose mesh!
[2022- 7-31] [17:29:37] [INFO] Decompse num         :  6
[2022- 7-31] [17:29:37] [INFO] Row num              :  10000
[2022- 7-31] [17:29:37] [INFO] Uppper non-zero num  :  10000
[2022- 7-31] [17:29:37] [INFO] Init >> init vector!
[2022- 7-31] [17:29:37] [INFO] Matrix >> matrix tranform!
[2022- 7-31] [17:29:37] [INFO] Iteration >> Main Iterations start!
[2022- 7-31] [17:29:37] [INFO] Iteration >> [0/200]
[2022- 7-31] [17:29:37] [INFO] Iteration >> [99/200] done!
[2022- 7-31] [17:29:37] [INFO] Iteration >> [100/200]
[2022- 7-31] [17:29:37] [INFO] Iteration >> [199/200] done!
[2022- 7-31] [17:29:37] [INFO] Write result!
[2022- 7-31] [17:29:37] [INFO] Check >> check result!
[2022- 7-31] [17:29:37] [INFO] Check >> check result correct!
[2022- 7-31] [17:29:37] [INFO] Time: spmv time cost: 0.0170s

[2022- 7-31] [17:29:37] [INFO] <<================ Matrix index  :  1 ================>>
[2022- 7-31] [17:29:37] [INFO] Mesh num             :  60000
[2022- 7-31] [17:29:37] [INFO] Mesh >> decompose mesh!
[2022- 7-31] [17:29:37] [INFO] Decompse num         :  6
[2022- 7-31] [17:29:37] [INFO] Row num              :  10000
[2022- 7-31] [17:29:37] [INFO] Uppper non-zero num  :  30000
[2022- 7-31] [17:29:37] [INFO] Init >> init vector!
[2022- 7-31] [17:29:37] [INFO] Matrix >> matrix tranform!
[2022- 7-31] [17:29:38] [INFO] Iteration >> Main Iterations start!
[2022- 7-31] [17:29:38] [INFO] Iteration >> [0/200]
[2022- 7-31] [17:29:38] [INFO] Iteration >> [99/200] done!
[2022- 7-31] [17:29:38] [INFO] Iteration >> [100/200]
[2022- 7-31] [17:29:38] [INFO] Iteration >> [199/200] done!
[2022- 7-31] [17:29:38] [INFO] Write result!
[2022- 7-31] [17:29:38] [INFO] Check >> check result!
[2022- 7-31] [17:29:38] [INFO] Check >> check result correct!
[2022- 7-31] [17:29:38] [INFO] Time: spmv time cost: 0.0282s

[2022- 7-31] [17:29:38] [INFO] <<================ Matrix index  :  2 ================>>
[2022- 7-31] [17:29:38] [INFO] Mesh num             :  6000
[2022- 7-31] [17:29:38] [INFO] Mesh >> decompose mesh!
[2022- 7-31] [17:29:38] [INFO] Decompse num         :  0
[2022- 7-31] [17:29:38] [INFO] Row num              :  10000
[2022- 7-31] [17:29:38] [INFO] Uppper non-zero num  :  60000
[2022- 7-31] [17:29:38] [INFO] Init >> init vector!
[2022- 7-31] [17:29:38] [INFO] Matrix >> matrix tranform!
[2022- 7-31] [17:29:39] [INFO] Iteration >> Main Iterations start!
[2022- 7-31] [17:29:39] [INFO] Iteration >> [0/200]
[2022- 7-31] [17:29:39] [INFO] Iteration >> [99/200] done!
[2022- 7-31] [17:29:39] [INFO] Iteration >> [100/200]
[2022- 7-31] [17:29:39] [INFO] Iteration >> [199/200] done!
[2022- 7-31] [17:29:39] [INFO] Write result!
[2022- 7-31] [17:29:39] [INFO] Check >> check result!
[2022- 7-31] [17:29:39] [INFO] Check >> check result correct!
[2022- 7-31] [17:29:39] [INFO] Time: spmv time cost: 0.0456s

[2022- 7-31] [17:29:39] [INFO] <<================ Matrix index  :  3 ================>>
[2022- 7-31] [17:29:39] [INFO] Mesh num             :  300000
[2022- 7-31] [17:29:39] [INFO] Mesh >> decompose mesh!
[2022- 7-31] [17:29:39] [INFO] Decompse num         :  6
[2022- 7-31] [17:29:39] [INFO] Row num              :  50000
[2022- 7-31] [17:29:39] [INFO] Uppper non-zero num  :  50000
[2022- 7-31] [17:29:39] [INFO] Init >> init vector!
[2022- 7-31] [17:29:39] [INFO] Matrix >> matrix tranform!
[2022- 7-31] [17:29:40] [INFO] Iteration >> Main Iterations start!
[2022- 7-31] [17:29:40] [INFO] Iteration >> [0/200]
[2022- 7-31] [17:29:41] [INFO] Iteration >> [99/200] done!
[2022- 7-31] [17:29:41] [INFO] Iteration >> [100/200]
[2022- 7-31] [17:29:41] [INFO] Iteration >> [199/200] done!
[2022- 7-31] [17:29:41] [INFO] Write result!
[2022- 7-31] [17:29:41] [INFO] Check >> check result!
[2022- 7-31] [17:29:42] [INFO] Check >> check result correct!
[2022- 7-31] [17:29:42] [INFO] Time: spmv time cost: 0.0421s

[2022- 7-31] [17:29:42] [INFO] <<================ Matrix index  :  4 ================>>
[2022- 7-31] [17:29:42] [INFO] Mesh num             :  300000
[2022- 7-31] [17:29:42] [INFO] Mesh >> decompose mesh!
[2022- 7-31] [17:29:42] [INFO] Decompse num         :  6
[2022- 7-31] [17:29:43] [INFO] Row num              :  50000
[2022- 7-31] [17:29:43] [INFO] Uppper non-zero num  :  150000
[2022- 7-31] [17:29:43] [INFO] Init >> init vector!
[2022- 7-31] [17:29:43] [INFO] Matrix >> matrix tranform!
[2022- 7-31] [17:29:45] [INFO] Iteration >> Main Iterations start!
[2022- 7-31] [17:29:45] [INFO] Iteration >> [0/200]
[2022- 7-31] [17:29:45] [INFO] Iteration >> [99/200] done!
[2022- 7-31] [17:29:45] [INFO] Iteration >> [100/200]
[2022- 7-31] [17:29:46] [INFO] Iteration >> [199/200] done!
[2022- 7-31] [17:29:46] [INFO] Write result!
[2022- 7-31] [17:29:46] [INFO] Check >> check result!
[2022- 7-31] [17:29:46] [INFO] Check >> check result correct!
[2022- 7-31] [17:29:46] [INFO] Time: spmv time cost: 0.0785s

[2022- 7-31] [17:29:46] [INFO] <<================ Matrix index  :  5 ================>>
[2022- 7-31] [17:29:46] [INFO] Mesh num             :  300000
[2022- 7-31] [17:29:46] [INFO] Mesh >> decompose mesh!
[2022- 7-31] [17:29:46] [INFO] Decompse num         :  6
[2022- 7-31] [17:29:50] [INFO] Row num              :  50000
[2022- 7-31] [17:29:50] [INFO] Uppper non-zero num  :  300000
[2022- 7-31] [17:29:50] [INFO] Init >> init vector!
[2022- 7-31] [17:29:50] [INFO] Matrix >> matrix tranform!
[2022- 7-31] [17:29:52] [INFO] Iteration >> Main Iterations start!
[2022- 7-31] [17:29:52] [INFO] Iteration >> [0/200]
[2022- 7-31] [17:29:53] [INFO] Iteration >> [99/200] done!
[2022- 7-31] [17:29:53] [INFO] Iteration >> [100/200]
[2022- 7-31] [17:29:53] [INFO] Iteration >> [199/200] done!
[2022- 7-31] [17:29:53] [INFO] Write result!
[2022- 7-31] [17:29:53] [INFO] Check >> check result!
[2022- 7-31] [17:29:53] [INFO] Check >> check result correct!
[2022- 7-31] [17:29:53] [INFO] Time: spmv time cost: 0.1358s

[2022- 7-31] [17:29:53] [INFO] <<================ Matrix index  :  6 ================>>
[2022- 7-31] [17:29:53] [INFO] Mesh num             :  1200000
[2022- 7-31] [17:29:53] [INFO] Mesh >> decompose mesh!
[2022- 7-31] [17:29:53] [INFO] Decompse num         :  6
[2022- 7-31] [17:30: 0] [INFO] Row num              :  200000
[2022- 7-31] [17:30: 0] [INFO] Uppper non-zero num  :  200000
[2022- 7-31] [17:30: 0] [INFO] Init >> init vector!
[2022- 7-31] [17:30: 0] [INFO] Matrix >> matrix tranform!
[2022- 7-31] [17:30: 3] [INFO] Iteration >> Main Iterations start!
[2022- 7-31] [17:30: 3] [INFO] Iteration >> [0/200]
[2022- 7-31] [17:30: 5] [INFO] Iteration >> [99/200] done!
[2022- 7-31] [17:30: 5] [INFO] Iteration >> [100/200]
[2022- 7-31] [17:30: 8] [INFO] Iteration >> [199/200] done!
[2022- 7-31] [17:30: 8] [INFO] Write result!
[2022- 7-31] [17:30: 8] [INFO] Check >> check result!
[2022- 7-31] [17:30: 8] [INFO] Check >> check result correct!
[2022- 7-31] [17:30: 8] [INFO] Time: spmv time cost: 0.1318s

[2022- 7-31] [17:30: 8] [INFO] <<================ Matrix index  :  7 ================>>
[2022- 7-31] [17:30: 8] [INFO] Mesh num             :  1200000
[2022- 7-31] [17:30: 8] [INFO] Mesh >> decompose mesh!
[2022- 7-31] [17:30: 8] [INFO] Decompse num         :  6
[2022- 7-31] [17:30:19] [INFO] Row num              :  200000
[2022- 7-31] [17:30:19] [INFO] Uppper non-zero num  :  600000
[2022- 7-31] [17:30:19] [INFO] Init >> init vector!
[2022- 7-31] [17:30:20] [INFO] Matrix >> matrix tranform!
[2022- 7-31] [17:30:26] [INFO] Iteration >> Main Iterations start!
[2022- 7-31] [17:30:26] [INFO] Iteration >> [0/200]
[2022- 7-31] [17:30:28] [INFO] Iteration >> [99/200] done!
[2022- 7-31] [17:30:28] [INFO] Iteration >> [100/200]
[2022- 7-31] [17:30:31] [INFO] Iteration >> [199/200] done!
[2022- 7-31] [17:30:31] [INFO] Write result!
[2022- 7-31] [17:30:31] [INFO] Check >> check result!
[2022- 7-31] [17:30:31] [INFO] Check >> check result correct!
[2022- 7-31] [17:30:31] [INFO] Time: spmv time cost: 0.2685s

[2022- 7-31] [17:30:31] [INFO] <<================ Matrix index  :  8 ================>>
[2022- 7-31] [17:30:31] [INFO] Mesh num             :  1200000
[2022- 7-31] [17:30:31] [INFO] Mesh >> decompose mesh!
[2022- 7-31] [17:30:31] [INFO] Decompse num         :  6
[2022- 7-31] [17:31:22] [INFO] Row num              :  200000
[2022- 7-31] [17:31:22] [INFO] Uppper non-zero num  :  1200000
[2022- 7-31] [17:31:22] [INFO] Init >> init vector!
[2022- 7-31] [17:31:22] [INFO] Matrix >> matrix tranform!
[2022- 7-31] [17:31:32] [INFO] Iteration >> Main Iterations start!
[2022- 7-31] [17:31:32] [INFO] Iteration >> [0/200]
[2022- 7-31] [17:31:35] [INFO] Iteration >> [99/200] done!
[2022- 7-31] [17:31:35] [INFO] Iteration >> [100/200]
[2022- 7-31] [17:31:37] [INFO] Iteration >> [199/200] done!
[2022- 7-31] [17:31:37] [INFO] Write result!
[2022- 7-31] [17:31:37] [INFO] Check >> check result!
[2022- 7-31] [17:31:38] [INFO] Check >> check result correct!
[2022- 7-31] [17:31:38] [INFO] Time: spmv time cost: 0.5126s

[2022- 7-31] [17:31:38] [INFO] Time: matrix 0 spmv time cost: 0.0170s
[2022- 7-31] [17:31:38] [INFO] Time: matrix 1 spmv time cost: 0.0282s
[2022- 7-31] [17:31:38] [INFO] Time: matrix 2 spmv time cost: 0.0456s
[2022- 7-31] [17:31:38] [INFO] Time: matrix 3 spmv time cost: 0.0421s
[2022- 7-31] [17:31:38] [INFO] Time: matrix 4 spmv time cost: 0.0785s
[2022- 7-31] [17:31:38] [INFO] Time: matrix 5 spmv time cost: 0.1358s
[2022- 7-31] [17:31:38] [INFO] Time: matrix 6 spmv time cost: 0.1318s
[2022- 7-31] [17:31:38] [INFO] Time: matrix 7 spmv time cost: 0.2685s
[2022- 7-31] [17:31:38] [INFO] Time: matrix 8 spmv time cost: 0.5126s
[2022- 7-31] [17:31:38] [INFO] Time: total spmv time cost: 1.2601s
[2022- 7-31] [17:31:38] [INFO] Time: total time cost: 120.9272s
Job 3895568 has been finished.